{"/home/rodrigo/Desktop/trybe/projetos/sd-010-a-project-jest/src/asyncJest.js": {"path":"/home/rodrigo/Desktop/trybe/projetos/sd-010-a-project-jest/src/asyncJest.js","statementMap":{"0":{"start":{"line":2,"column":20},"end":{"line":7,"column":4}},"1":{"start":{"line":3,"column":2},"end":{"line":7,"column":4}},"2":{"start":{"line":4,"column":4},"end":{"line":6,"column":6}},"3":{"start":{"line":9,"column":0},"end":{"line":9,"column":29}}},"fnMap":{"0":{"name":"(anonymous_0)","decl":{"start":{"line":2,"column":20},"end":{"line":2,"column":21}},"loc":{"start":{"line":3,"column":2},"end":{"line":7,"column":4}},"line":3},"1":{"name":"(anonymous_1)","decl":{"start":{"line":3,"column":14},"end":{"line":3,"column":15}},"loc":{"start":{"line":3,"column":41},"end":{"line":7,"column":3}},"line":3}},"branchMap":{"0":{"loc":{"start":{"line":5,"column":6},"end":{"line":5,"column":88}},"type":"cond-expr","locations":[{"start":{"line":5,"column":15},"end":{"line":5,"column":29}},{"start":{"line":5,"column":32},"end":{"line":5,"column":88}}],"line":5}},"s":{"0":1,"1":1,"2":1,"3":1},"f":{"0":1,"1":1},"b":{"0":[1,0]},"_coverageSchema":"43e27e138ebf9cfc5966b082cf9a028302ed4184","hash":"a495a703f807ff84894359e2d6942e48215b9ee1"}
,"/home/rodrigo/Desktop/trybe/projetos/sd-010-a-project-jest/src/mockApi.js": {"path":"/home/rodrigo/Desktop/trybe/projetos/sd-010-a-project-jest/src/mockApi.js","statementMap":{"0":{"start":{"line":2,"column":14},"end":{"line":2,"column":30}},"1":{"start":{"line":4,"column":12},"end":{"line":4,"column":40}},"2":{"start":{"line":6,"column":17},"end":{"line":16,"column":2}},"3":{"start":{"line":6,"column":23},"end":{"line":16,"column":2}},"4":{"start":{"line":7,"column":2},"end":{"line":15,"column":5}},"5":{"start":{"line":8,"column":4},"end":{"line":8,"column":28}},"6":{"start":{"line":9,"column":19},"end":{"line":9,"column":21}},"7":{"start":{"line":10,"column":4},"end":{"line":12,"column":7}},"8":{"start":{"line":11,"column":6},"end":{"line":11,"column":23}},"9":{"start":{"line":13,"column":4},"end":{"line":13,"column":28}},"10":{"start":{"line":14,"column":4},"end":{"line":14,"column":68}},"11":{"start":{"line":14,"column":26},"end":{"line":14,"column":66}},"12":{"start":{"line":18,"column":0},"end":{"line":18,"column":30}}},"fnMap":{"0":{"name":"(anonymous_0)","decl":{"start":{"line":6,"column":17},"end":{"line":6,"column":18}},"loc":{"start":{"line":6,"column":23},"end":{"line":16,"column":2}},"line":6},"1":{"name":"(anonymous_1)","decl":{"start":{"line":6,"column":35},"end":{"line":6,"column":36}},"loc":{"start":{"line":6,"column":62},"end":{"line":16,"column":1}},"line":6},"2":{"name":"(anonymous_2)","decl":{"start":{"line":7,"column":17},"end":{"line":7,"column":18}},"loc":{"start":{"line":7,"column":26},"end":{"line":15,"column":3}},"line":7},"3":{"name":"(anonymous_3)","decl":{"start":{"line":10,"column":19},"end":{"line":10,"column":20}},"loc":{"start":{"line":10,"column":29},"end":{"line":12,"column":5}},"line":10},"4":{"name":"(anonymous_4)","decl":{"start":{"line":14,"column":20},"end":{"line":14,"column":21}},"loc":{"start":{"line":14,"column":26},"end":{"line":14,"column":66}},"line":14}},"branchMap":{},"s":{"0":1,"1":1,"2":1,"3":1,"4":1,"5":1,"6":1,"7":1,"8":2,"9":1,"10":1,"11":1,"12":1},"f":{"0":1,"1":1,"2":1,"3":2,"4":1},"b":{},"_coverageSchema":"43e27e138ebf9cfc5966b082cf9a028302ed4184","hash":"e3cd4807f7f5d87562c6069e75bf6eed31ee4d91"}
,"/home/rodrigo/Desktop/trybe/projetos/sd-010-a-project-jest/src/mockFunctions.js": {"path":"/home/rodrigo/Desktop/trybe/projetos/sd-010-a-project-jest/src/mockFunctions.js","statementMap":{"0":{"start":{"line":2,"column":17},"end":{"line":2,"column":32}},"1":{"start":{"line":2,"column":27},"end":{"line":2,"column":32}},"2":{"start":{"line":4,"column":14},"end":{"line":10,"column":1}},"3":{"start":{"line":5,"column":12},"end":{"line":5,"column":13}},"4":{"start":{"line":6,"column":2},"end":{"line":8,"column":3}},"5":{"start":{"line":6,"column":15},"end":{"line":6,"column":16}},"6":{"start":{"line":7,"column":4},"end":{"line":7,"column":27}},"7":{"start":{"line":9,"column":2},"end":{"line":9,"column":13}},"8":{"start":{"line":12,"column":18},"end":{"line":18,"column":1}},"9":{"start":{"line":13,"column":13},"end":{"line":13,"column":14}},"10":{"start":{"line":14,"column":2},"end":{"line":16,"column":3}},"11":{"start":{"line":14,"column":15},"end":{"line":14,"column":16}},"12":{"start":{"line":15,"column":4},"end":{"line":15,"column":14}},"13":{"start":{"line":17,"column":2},"end":{"line":17,"column":14}},"14":{"start":{"line":20,"column":12},"end":{"line":20,"column":27}},"15":{"start":{"line":20,"column":22},"end":{"line":20,"column":27}},"16":{"start":{"line":22,"column":17},"end":{"line":22,"column":32}},"17":{"start":{"line":22,"column":27},"end":{"line":22,"column":32}},"18":{"start":{"line":24,"column":15},"end":{"line":24,"column":30}},"19":{"start":{"line":24,"column":25},"end":{"line":24,"column":30}},"20":{"start":{"line":26,"column":0},"end":{"line":26,"column":71}}},"fnMap":{"0":{"name":"(anonymous_0)","decl":{"start":{"line":2,"column":17},"end":{"line":2,"column":18}},"loc":{"start":{"line":2,"column":27},"end":{"line":2,"column":32}},"line":2},"1":{"name":"(anonymous_1)","decl":{"start":{"line":4,"column":14},"end":{"line":4,"column":15}},"loc":{"start":{"line":4,"column":24},"end":{"line":10,"column":1}},"line":4},"2":{"name":"(anonymous_2)","decl":{"start":{"line":12,"column":18},"end":{"line":12,"column":19}},"loc":{"start":{"line":12,"column":25},"end":{"line":18,"column":1}},"line":12},"3":{"name":"(anonymous_3)","decl":{"start":{"line":20,"column":12},"end":{"line":20,"column":13}},"loc":{"start":{"line":20,"column":22},"end":{"line":20,"column":27}},"line":20},"4":{"name":"(anonymous_4)","decl":{"start":{"line":22,"column":17},"end":{"line":22,"column":18}},"loc":{"start":{"line":22,"column":27},"end":{"line":22,"column":32}},"line":22},"5":{"name":"(anonymous_5)","decl":{"start":{"line":24,"column":15},"end":{"line":24,"column":16}},"loc":{"start":{"line":24,"column":25},"end":{"line":24,"column":30}},"line":24}},"branchMap":{},"s":{"0":1,"1":3,"2":1,"3":1,"4":1,"5":1,"6":2,"7":1,"8":1,"9":1,"10":1,"11":1,"12":5,"13":1,"14":1,"15":1,"16":1,"17":1,"18":1,"19":1,"20":1},"f":{"0":3,"1":1,"2":1,"3":1,"4":1,"5":1},"b":{},"_coverageSchema":"43e27e138ebf9cfc5966b082cf9a028302ed4184","hash":"12f3a1a75739f0be28c1df804440f0b50ead57a6"}
,"/home/rodrigo/Desktop/trybe/projetos/sd-010-a-project-jest/src/setupTeardown.js": {"path":"/home/rodrigo/Desktop/trybe/projetos/sd-010-a-project-jest/src/setupTeardown.js","statementMap":{"0":{"start":{"line":2,"column":20},"end":{"line":7,"column":44}},"1":{"start":{"line":9,"column":16},"end":{"line":12,"column":40}},"2":{"start":{"line":14,"column":21},"end":{"line":25,"column":1}},"3":{"start":{"line":15,"column":24},"end":{"line":15,"column":62}},"4":{"start":{"line":16,"column":32},"end":{"line":16,"column":78}},"5":{"start":{"line":17,"column":27},"end":{"line":17,"column":61}},"6":{"start":{"line":19,"column":40},"end":{"line":19,"column":53}},"7":{"start":{"line":20,"column":27},"end":{"line":20,"column":43}},"8":{"start":{"line":22,"column":2},"end":{"line":22,"column":79}},"9":{"start":{"line":23,"column":2},"end":{"line":23,"column":43}},"10":{"start":{"line":24,"column":2},"end":{"line":24,"column":47}},"11":{"start":{"line":27,"column":0},"end":{"line":27,"column":47}}},"fnMap":{"0":{"name":"(anonymous_0)","decl":{"start":{"line":14,"column":21},"end":{"line":14,"column":22}},"loc":{"start":{"line":14,"column":27},"end":{"line":25,"column":1}},"line":14}},"branchMap":{},"s":{"0":1,"1":1,"2":1,"3":0,"4":0,"5":0,"6":0,"7":0,"8":0,"9":0,"10":0,"11":1},"f":{"0":0},"b":{},"_coverageSchema":"43e27e138ebf9cfc5966b082cf9a028302ed4184","hash":"a5c4de6cb1d990b945983179bf92596cabc461ea"}
}
